2017-11-04T08:35:36.781809Z mysqld_safe Logging to '/opt/bitnami/mysql/data/18e7ef5557d4.err'.
2017-11-04T08:35:36.865307Z mysqld_safe Starting mysqld daemon with databases from /opt/bitnami/mysql/data
mysqld: [Warning] World-writable config file '/opt/bitnami/mysql/conf/my.cnf' is ignored.
2017-11-04T08:35:37.121923Z 0 [Warning] TIMESTAMP with implicit DEFAULT value is deprecated. Please use --explicit_defaults_for_timestamp server option (see documentation for more details).
2017-11-04T08:35:37.123117Z 0 [Note] --secure-file-priv is set to NULL. Operations related to importing and exporting data are disabled
2017-11-04T08:35:37.123152Z 0 [Note] /opt/bitnami/mysql/bin/mysqld (mysqld 5.7.20) starting as process 115 ...
2017-11-04T08:35:37.148502Z 0 [Warning] Setting lower_case_table_names=2 because file system for /opt/bitnami/mysql/data/ is case insensitive
2017-11-04T08:35:37.153097Z 0 [Note] InnoDB: PUNCH HOLE support available
2017-11-04T08:35:37.153338Z 0 [Note] InnoDB: Mutexes and rw_locks use GCC atomic builtins
2017-11-04T08:35:37.153405Z 0 [Note] InnoDB: Uses event mutexes
2017-11-04T08:35:37.153554Z 0 [Note] InnoDB: GCC builtin __sync_synchronize() is used for memory barrier
2017-11-04T08:35:37.153742Z 0 [Note] InnoDB: Compressed tables use zlib 1.2.3
2017-11-04T08:35:37.153822Z 0 [Note] InnoDB: Using Linux native AIO
2017-11-04T08:35:37.154391Z 0 [Note] InnoDB: Number of pools: 1
2017-11-04T08:35:37.154624Z 0 [Note] InnoDB: Using CPU crc32 instructions
2017-11-04T08:35:37.156040Z 0 [Note] InnoDB: Initializing buffer pool, total size = 128M, instances = 1, chunk size = 128M
2017-11-04T08:35:37.178356Z 0 [Note] InnoDB: Completed initialization of buffer pool
2017-11-04T08:35:37.181685Z 0 [Note] InnoDB: If the mysqld execution user is authorized, page cleaner thread priority can be changed. See the man page of setpriority().
2017-11-04T08:35:37.235982Z 0 [Note] InnoDB: Highest supported file format is Barracuda.
2017-11-04T08:35:37.242571Z 0 [Note] InnoDB: Log scan progressed past the checkpoint lsn 2599997
2017-11-04T08:35:37.243000Z 0 [Note] InnoDB: Doing recovery: scanned up to log sequence number 2600006
2017-11-04T08:35:37.243062Z 0 [Note] InnoDB: Database was not shutdown normally!
2017-11-04T08:35:37.243145Z 0 [Note] InnoDB: Starting crash recovery.
2017-11-04T08:35:37.476465Z 0 [Note] InnoDB: Removed temporary tablespace data file: "ibtmp1"
2017-11-04T08:35:37.478293Z 0 [Note] InnoDB: Creating shared tablespace for temporary tables
2017-11-04T08:35:37.479196Z 0 [Note] InnoDB: Setting file './ibtmp1' size to 12 MB. Physically writing the file full; Please wait ...
2017-11-04T08:35:37.599763Z 0 [Note] InnoDB: File './ibtmp1' size is now 12 MB.
2017-11-04T08:35:38.337207Z 0 [Note] InnoDB: 96 redo rollback segment(s) found. 96 redo rollback segment(s) are active.
2017-11-04T08:35:38.337890Z 0 [Note] InnoDB: 32 non-redo rollback segment(s) are active.
2017-11-04T08:35:38.339107Z 0 [Note] InnoDB: Waiting for purge to start
2017-11-04T08:35:38.389912Z 0 [Note] InnoDB: 5.7.20 started; log sequence number 2600006
2017-11-04T08:35:38.390480Z 0 [Note] Plugin 'FEDERATED' is disabled.
2017-11-04T08:35:38.391578Z 0 [Note] InnoDB: Loading buffer pool(s) from /bitnami/mysql/data/ib_buffer_pool
2017-11-04T08:35:38.426364Z 0 [Warning] World-writable config file './auto.cnf' is ignored.
2017-11-04T08:35:38.445996Z 0 [Warning] World-writable config file './auto.cnf' has been removed.

2017-11-04T08:35:38.447591Z 0 [Note] Salting uuid generator variables, current_pid: 115, server_start_time: 1509784537, bytes_sent: 0, 
2017-11-04T08:35:38.447689Z 0 [Note] Generated uuid: '228538c0-c13b-11e7-8b83-0242ac120003', server_start_time: 32369623831510092, bytes_sent: 40247552
2017-11-04T08:35:38.450315Z 0 [Warning] No existing UUID has been found, so we assume that this is the first time that this server has been started. Generating a new UUID: 228538c0-c13b-11e7-8b83-0242ac120003.
2017-11-04T08:35:38.492815Z 0 [Warning] Failed to set up SSL because of the following SSL library error: SSL context is not usable without certificate and private key
2017-11-04T08:35:38.493258Z 0 [Note] Server hostname (bind-address): '*'; port: 3306
2017-11-04T08:35:38.494718Z 0 [Note] IPv6 is available.
2017-11-04T08:35:38.494782Z 0 [Note]   - '::' resolves to '::';
2017-11-04T08:35:38.497446Z 0 [Note] Server socket created on IP: '::'.
2017-11-04T08:35:38.535495Z 0 [Note] InnoDB: Buffer pool(s) load completed at 171104  8:35:38
2017-11-04T08:35:39.794135Z 0 [Note] Event Scheduler: Loaded 0 events
2017-11-04T08:35:39.794495Z 0 [Note] /opt/bitnami/mysql/bin/mysqld: ready for connections.
Version: '5.7.20'  socket: '/tmp/mysql.sock'  port: 3306  MySQL Community Server (GPL)
2017-11-04T08:35:39.794608Z 0 [Note] Executing 'SELECT * FROM INFORMATION_SCHEMA.TABLES;' to get a list of tables using the deprecated partition engine. You may use the startup option '--disable-partition-engine-check' to skip this check. 
2017-11-04T08:35:39.794665Z 0 [Note] Beginning of list of non-natively partitioned tables
2017-11-04T08:35:40.063430Z 0 [Note] End of list of non-natively partitioned tables
