2017-11-04T08:05:18.366924Z mysqld_safe Logging to '/opt/bitnami/mysql/data/cd595c427c82.err'.
2017-11-04T08:05:18.427742Z mysqld_safe Starting mysqld daemon with databases from /opt/bitnami/mysql/data
mysqld: [Warning] World-writable config file '/opt/bitnami/mysql/conf/my.cnf' is ignored.
2017-11-04T08:05:18.628511Z 0 [Warning] TIMESTAMP with implicit DEFAULT value is deprecated. Please use --explicit_defaults_for_timestamp server option (see documentation for more details).
2017-11-04T08:05:18.630091Z 0 [Note] --secure-file-priv is set to NULL. Operations related to importing and exporting data are disabled
2017-11-04T08:05:18.630120Z 0 [Note] /opt/bitnami/mysql/bin/mysqld (mysqld 5.7.20) starting as process 115 ...
2017-11-04T08:05:18.659819Z 0 [Warning] Setting lower_case_table_names=2 because file system for /opt/bitnami/mysql/data/ is case insensitive
2017-11-04T08:05:18.665637Z 0 [Note] InnoDB: PUNCH HOLE support available
2017-11-04T08:05:18.666041Z 0 [Note] InnoDB: Mutexes and rw_locks use GCC atomic builtins
2017-11-04T08:05:18.666327Z 0 [Note] InnoDB: Uses event mutexes
2017-11-04T08:05:18.666489Z 0 [Note] InnoDB: GCC builtin __sync_synchronize() is used for memory barrier
2017-11-04T08:05:18.666607Z 0 [Note] InnoDB: Compressed tables use zlib 1.2.3
2017-11-04T08:05:18.666722Z 0 [Note] InnoDB: Using Linux native AIO
2017-11-04T08:05:18.667008Z 0 [Note] InnoDB: Number of pools: 1
2017-11-04T08:05:18.667284Z 0 [Note] InnoDB: Using CPU crc32 instructions
2017-11-04T08:05:18.670458Z 0 [Note] InnoDB: Initializing buffer pool, total size = 128M, instances = 1, chunk size = 128M
2017-11-04T08:05:18.687471Z 0 [Note] InnoDB: Completed initialization of buffer pool
2017-11-04T08:05:18.695762Z 0 [Note] InnoDB: If the mysqld execution user is authorized, page cleaner thread priority can be changed. See the man page of setpriority().
2017-11-04T08:05:18.747574Z 0 [Note] InnoDB: Highest supported file format is Barracuda.
2017-11-04T08:05:18.757633Z 0 [Note] InnoDB: Log scan progressed past the checkpoint lsn 2565415
2017-11-04T08:05:18.757818Z 0 [Note] InnoDB: Doing recovery: scanned up to log sequence number 2565424
2017-11-04T08:05:18.757876Z 0 [Note] InnoDB: Database was not shutdown normally!
2017-11-04T08:05:18.758045Z 0 [Note] InnoDB: Starting crash recovery.
2017-11-04T08:05:19.663195Z 0 [Note] InnoDB: Removed temporary tablespace data file: "ibtmp1"
2017-11-04T08:05:19.663714Z 0 [Note] InnoDB: Creating shared tablespace for temporary tables
2017-11-04T08:05:19.665496Z 0 [Note] InnoDB: Setting file './ibtmp1' size to 12 MB. Physically writing the file full; Please wait ...
2017-11-04T08:05:19.776906Z 0 [Note] InnoDB: File './ibtmp1' size is now 12 MB.
2017-11-04T08:05:20.208745Z 0 [Note] InnoDB: 96 redo rollback segment(s) found. 96 redo rollback segment(s) are active.
2017-11-04T08:05:20.208955Z 0 [Note] InnoDB: 32 non-redo rollback segment(s) are active.
2017-11-04T08:05:20.209465Z 0 [Note] InnoDB: Waiting for purge to start
2017-11-04T08:05:20.260375Z 0 [Note] InnoDB: 5.7.20 started; log sequence number 2565424
2017-11-04T08:05:20.260789Z 0 [Note] Plugin 'FEDERATED' is disabled.
2017-11-04T08:05:20.268873Z 0 [Note] InnoDB: Loading buffer pool(s) from /bitnami/mysql/data/ib_buffer_pool
2017-11-04T08:05:20.285926Z 0 [Warning] World-writable config file './auto.cnf' is ignored.
2017-11-04T08:05:20.290986Z 0 [Warning] World-writable config file './auto.cnf' has been removed.

2017-11-04T08:05:20.291262Z 0 [Note] Salting uuid generator variables, current_pid: 115, server_start_time: 1509782718, bytes_sent: 0, 
2017-11-04T08:05:20.292002Z 0 [Note] Generated uuid: 'e6d0ae38-c136-11e7-ae3f-0242ac120005', server_start_time: 32369623831508273, bytes_sent: 59552000
2017-11-04T08:05:20.292176Z 0 [Warning] No existing UUID has been found, so we assume that this is the first time that this server has been started. Generating a new UUID: e6d0ae38-c136-11e7-ae3f-0242ac120005.
2017-11-04T08:05:20.413986Z 0 [Warning] Failed to set up SSL because of the following SSL library error: SSL context is not usable without certificate and private key
2017-11-04T08:05:20.414754Z 0 [Note] Server hostname (bind-address): '*'; port: 3306
2017-11-04T08:05:20.414842Z 0 [Note] IPv6 is available.
2017-11-04T08:05:20.414907Z 0 [Note]   - '::' resolves to '::';
2017-11-04T08:05:20.415018Z 0 [Note] Server socket created on IP: '::'.
2017-11-04T08:05:20.445209Z 0 [Note] InnoDB: Buffer pool(s) load completed at 171104  8:05:20
2017-11-04T08:05:20.668536Z 0 [Note] Event Scheduler: Loaded 0 events
2017-11-04T08:05:20.668760Z 0 [Note] /opt/bitnami/mysql/bin/mysqld: ready for connections.
Version: '5.7.20'  socket: '/tmp/mysql.sock'  port: 3306  MySQL Community Server (GPL)
2017-11-04T08:05:20.668822Z 0 [Note] Executing 'SELECT * FROM INFORMATION_SCHEMA.TABLES;' to get a list of tables using the deprecated partition engine. You may use the startup option '--disable-partition-engine-check' to skip this check. 
2017-11-04T08:05:20.669122Z 0 [Note] Beginning of list of non-natively partitioned tables
2017-11-04T08:05:20.870254Z 0 [Note] End of list of non-natively partitioned tables
